<?xml version="1.0" encoding="UTF-8"?>
<Site BuildName="Win32-mingw32-make"
	BuildStamp="20220515-0003-Experimental"
	Name="DESKTOP-J2B3MPM"
	Generator="ctest-3.22.3"
	CompilerName="C:/mingw64/bin/g++.exe"
	CompilerVersion="11.2.0"
	OSName="Windows"
	Hostname="DESKTOP-J2B3MPM"
	OSRelease=" Personal"
	OSVersion=" (Build 19044)"
	OSPlatform="AMD64"
	Is64Bits="1"
	VendorString="AuthenticAMD"
	VendorID="Advanced Micro Devices"
	FamilyID="15"
	ModelID="1"
	ProcessorCacheSize="128"
	NumberOfLogicalCPU="2"
	NumberOfPhysicalCPU="2"
	TotalVirtualMemory="7006"
	TotalPhysicalMemory="4062"
	LogicalProcessorsPerPhysical="1"
	ProcessorClockFrequency="5149"
	>
	<Testing>
		<StartDateTime>May 15 08:03 Malay Peninsula Standard Time</StartDateTime>
		<StartTestTime>1652572994</StartTestTime>
		<TestList/>
		<EndDateTime>May 15 08:03 Malay Peninsula Standard Time</EndDateTime>
		<EndTestTime>1652572994</EndTestTime>
		<ElapsedMinutes>0</ElapsedMinutes>
	</Testing>
</Site>
